May 10 2020 07:09:29
{"type":8,"message":"Undefined index: activated","file":"\/opt\/bitnami\/apps\/wordpress\/htdocs\/wp-content\/themes\/enfold\/class.theme-modules.php","line":604}

May 10 2020 07:09:30
{"type":8,"message":"Undefined index: activated","file":"\/opt\/bitnami\/apps\/wordpress\/htdocs\/wp-content\/themes\/enfold\/class.theme-modules.php","line":604}

May 10 2020 07:09:30
{"type":8,"message":"Undefined index: activated","file":"\/opt\/bitnami\/apps\/wordpress\/htdocs\/wp-content\/themes\/enfold\/class.theme-modules.php","line":604}

May 10 2020 07:09:31
{"type":8,"message":"Undefined index: activated","file":"\/opt\/bitnami\/apps\/wordpress\/htdocs\/wp-content\/themes\/enfold\/class.theme-modules.php","line":604}

May 10 2020 07:09:33
{"type":8,"message":"Undefined index: activated","file":"\/opt\/bitnami\/apps\/wordpress\/htdocs\/wp-content\/themes\/enfold\/class.theme-modules.php","line":604}

May 10 2020 07:09:34
{"type":8,"message":"Undefined index: activated","file":"\/opt\/bitnami\/apps\/wordpress\/htdocs\/wp-content\/themes\/enfold\/class.theme-modules.php","line":604}

May 10 2020 07:09:35
{"type":8,"message":"Undefined index: activated","file":"\/opt\/bitnami\/apps\/wordpress\/htdocs\/wp-content\/themes\/enfold\/class.theme-modules.php","line":604}

May 10 2020 07:09:36
{"type":8,"message":"Undefined index: activated","file":"\/opt\/bitnami\/apps\/wordpress\/htdocs\/wp-content\/themes\/enfold\/class.theme-modules.php","line":604}

May 10 2020 07:09:38
{"type":8,"message":"Undefined index: activated","file":"\/opt\/bitnami\/apps\/wordpress\/htdocs\/wp-content\/themes\/enfold\/class.theme-modules.php","line":604}

May 10 2020 07:09:42
{"type":8,"message":"Undefined index: activated","file":"\/opt\/bitnami\/apps\/wordpress\/htdocs\/wp-content\/themes\/enfold\/class.theme-modules.php","line":604}

May 10 2020 07:09:44
{"type":8,"message":"Undefined index: activated","file":"\/opt\/bitnami\/apps\/wordpress\/htdocs\/wp-content\/themes\/enfold\/class.theme-modules.php","line":604}

May 10 2020 07:09:46
{"type":8,"message":"Undefined index: activated","file":"\/opt\/bitnami\/apps\/wordpress\/htdocs\/wp-content\/themes\/enfold\/class.theme-modules.php","line":604}

May 10 2020 07:09:46
{"type":8,"message":"Undefined index: activated","file":"\/opt\/bitnami\/apps\/wordpress\/htdocs\/wp-content\/themes\/enfold\/class.theme-modules.php","line":604}

May 10 2020 07:09:48
{"type":8,"message":"Undefined index: activated","file":"\/opt\/bitnami\/apps\/wordpress\/htdocs\/wp-content\/themes\/enfold\/class.theme-modules.php","line":604}

May 10 2020 07:09:49
{"type":8,"message":"Undefined index: activated","file":"\/opt\/bitnami\/apps\/wordpress\/htdocs\/wp-content\/themes\/enfold\/class.theme-modules.php","line":604}

May 10 2020 07:09:50
{"type":8,"message":"Undefined index: activated","file":"\/opt\/bitnami\/apps\/wordpress\/htdocs\/wp-content\/themes\/enfold\/class.theme-modules.php","line":604}

May 10 2020 07:09:50
{"type":8,"message":"Undefined index: activated","file":"\/opt\/bitnami\/apps\/wordpress\/htdocs\/wp-content\/themes\/enfold\/class.theme-modules.php","line":604}

May 10 2020 07:09:51
{"type":8,"message":"Undefined index: activated","file":"\/opt\/bitnami\/apps\/wordpress\/htdocs\/wp-content\/themes\/enfold\/class.theme-modules.php","line":604}

May 10 2020 07:09:54
{"type":8,"message":"Undefined index: activated","file":"\/opt\/bitnami\/apps\/wordpress\/htdocs\/wp-content\/themes\/enfold\/class.theme-modules.php","line":604}

May 11 2020 05:11:52
{"type":8,"message":"Undefined index: activated","file":"\/opt\/bitnami\/apps\/wordpress\/htdocs\/wp-content\/themes\/enfold\/class.theme-modules.php","line":604}

May 11 2020 21:49:21
{"type":8,"message":"Undefined index: activated","file":"\/opt\/bitnami\/apps\/wordpress\/htdocs\/wp-content\/themes\/enfold\/class.theme-modules.php","line":604}

May 11 2020 21:49:22
{"type":8,"message":"Undefined index: activated","file":"\/opt\/bitnami\/apps\/wordpress\/htdocs\/wp-content\/themes\/enfold\/class.theme-modules.php","line":604}

May 11 2020 21:49:23
{"type":8,"message":"Undefined index: activated","file":"\/opt\/bitnami\/apps\/wordpress\/htdocs\/wp-content\/themes\/enfold\/class.theme-modules.php","line":604}

May 11 2020 21:49:24
{"type":8,"message":"Undefined index: activated","file":"\/opt\/bitnami\/apps\/wordpress\/htdocs\/wp-content\/themes\/enfold\/class.theme-modules.php","line":604}

May 11 2020 21:49:26
{"type":8,"message":"Undefined index: activated","file":"\/opt\/bitnami\/apps\/wordpress\/htdocs\/wp-content\/themes\/enfold\/class.theme-modules.php","line":604}

May 11 2020 21:49:27
{"type":8,"message":"Undefined index: activated","file":"\/opt\/bitnami\/apps\/wordpress\/htdocs\/wp-content\/themes\/enfold\/class.theme-modules.php","line":604}

May 11 2020 21:49:28
{"type":8,"message":"Undefined index: activated","file":"\/opt\/bitnami\/apps\/wordpress\/htdocs\/wp-content\/themes\/enfold\/class.theme-modules.php","line":604}

May 11 2020 21:49:29
{"type":8,"message":"Undefined index: activated","file":"\/opt\/bitnami\/apps\/wordpress\/htdocs\/wp-content\/themes\/enfold\/class.theme-modules.php","line":604}

May 11 2020 21:49:30
{"type":8,"message":"Undefined index: activated","file":"\/opt\/bitnami\/apps\/wordpress\/htdocs\/wp-content\/themes\/enfold\/class.theme-modules.php","line":604}

May 11 2020 21:49:31
{"type":8,"message":"Undefined index: activated","file":"\/opt\/bitnami\/apps\/wordpress\/htdocs\/wp-content\/themes\/enfold\/class.theme-modules.php","line":604}

May 11 2020 21:49:32
{"type":8,"message":"Undefined index: activated","file":"\/opt\/bitnami\/apps\/wordpress\/htdocs\/wp-content\/themes\/enfold\/class.theme-modules.php","line":604}

May 11 2020 21:49:33
{"type":8,"message":"Undefined index: activated","file":"\/opt\/bitnami\/apps\/wordpress\/htdocs\/wp-content\/themes\/enfold\/class.theme-modules.php","line":604}

May 11 2020 21:49:34
{"type":8,"message":"Undefined index: activated","file":"\/opt\/bitnami\/apps\/wordpress\/htdocs\/wp-content\/themes\/enfold\/class.theme-modules.php","line":604}

May 11 2020 21:49:35
{"type":8,"message":"Undefined index: activated","file":"\/opt\/bitnami\/apps\/wordpress\/htdocs\/wp-content\/themes\/enfold\/class.theme-modules.php","line":604}

May 11 2020 21:49:37
{"type":8,"message":"Undefined index: activated","file":"\/opt\/bitnami\/apps\/wordpress\/htdocs\/wp-content\/themes\/enfold\/class.theme-modules.php","line":604}

May 11 2020 21:49:38
{"type":8,"message":"Undefined index: activated","file":"\/opt\/bitnami\/apps\/wordpress\/htdocs\/wp-content\/themes\/enfold\/class.theme-modules.php","line":604}

May 11 2020 21:49:39
{"type":8,"message":"Undefined index: activated","file":"\/opt\/bitnami\/apps\/wordpress\/htdocs\/wp-content\/themes\/enfold\/class.theme-modules.php","line":604}

May 11 2020 21:49:41
{"type":8,"message":"Undefined index: activated","file":"\/opt\/bitnami\/apps\/wordpress\/htdocs\/wp-content\/themes\/enfold\/class.theme-modules.php","line":604}

May 11 2020 21:49:42
{"type":8,"message":"Undefined index: activated","file":"\/opt\/bitnami\/apps\/wordpress\/htdocs\/wp-content\/themes\/enfold\/class.theme-modules.php","line":604}

May 11 2020 21:49:43
{"type":8,"message":"Undefined index: activated","file":"\/opt\/bitnami\/apps\/wordpress\/htdocs\/wp-content\/themes\/enfold\/class.theme-modules.php","line":604}

May 11 2020 21:49:44
{"type":8,"message":"Undefined index: activated","file":"\/opt\/bitnami\/apps\/wordpress\/htdocs\/wp-content\/themes\/enfold\/class.theme-modules.php","line":604}

May 11 2020 21:49:45
{"type":8,"message":"Undefined index: activated","file":"\/opt\/bitnami\/apps\/wordpress\/htdocs\/wp-content\/themes\/enfold\/class.theme-modules.php","line":604}

May 11 2020 21:49:46
{"type":8,"message":"Undefined index: activated","file":"\/opt\/bitnami\/apps\/wordpress\/htdocs\/wp-content\/themes\/enfold\/class.theme-modules.php","line":604}

May 11 2020 21:49:47
{"type":8,"message":"Undefined index: activated","file":"\/opt\/bitnami\/apps\/wordpress\/htdocs\/wp-content\/themes\/enfold\/class.theme-modules.php","line":604}

May 11 2020 21:49:49
{"type":8,"message":"Undefined index: activated","file":"\/opt\/bitnami\/apps\/wordpress\/htdocs\/wp-content\/themes\/enfold\/class.theme-modules.php","line":604}

May 11 2020 21:49:50
{"type":8,"message":"Undefined index: activated","file":"\/opt\/bitnami\/apps\/wordpress\/htdocs\/wp-content\/themes\/enfold\/class.theme-modules.php","line":604}

May 11 2020 21:49:51
{"type":8,"message":"Undefined index: activated","file":"\/opt\/bitnami\/apps\/wordpress\/htdocs\/wp-content\/themes\/enfold\/class.theme-modules.php","line":604}

May 11 2020 21:49:52
{"type":8,"message":"Undefined index: activated","file":"\/opt\/bitnami\/apps\/wordpress\/htdocs\/wp-content\/themes\/enfold\/class.theme-modules.php","line":604}

May 11 2020 21:49:53
{"type":8,"message":"Undefined index: activated","file":"\/opt\/bitnami\/apps\/wordpress\/htdocs\/wp-content\/themes\/enfold\/class.theme-modules.php","line":604}

May 11 2020 21:49:54
{"type":8,"message":"Undefined index: activated","file":"\/opt\/bitnami\/apps\/wordpress\/htdocs\/wp-content\/themes\/enfold\/class.theme-modules.php","line":604}

May 11 2020 21:49:56
{"type":8,"message":"Undefined index: activated","file":"\/opt\/bitnami\/apps\/wordpress\/htdocs\/wp-content\/themes\/enfold\/class.theme-modules.php","line":604}

May 11 2020 21:49:56
{"type":8,"message":"Undefined index: activated","file":"\/opt\/bitnami\/apps\/wordpress\/htdocs\/wp-content\/themes\/enfold\/class.theme-modules.php","line":604}

May 11 2020 21:49:57
{"type":8,"message":"Undefined index: activated","file":"\/opt\/bitnami\/apps\/wordpress\/htdocs\/wp-content\/themes\/enfold\/class.theme-modules.php","line":604}

May 11 2020 21:49:58
{"type":8,"message":"Undefined index: activated","file":"\/opt\/bitnami\/apps\/wordpress\/htdocs\/wp-content\/themes\/enfold\/class.theme-modules.php","line":604}

May 11 2020 21:49:59
{"type":8,"message":"Undefined index: activated","file":"\/opt\/bitnami\/apps\/wordpress\/htdocs\/wp-content\/themes\/enfold\/class.theme-modules.php","line":604}

May 11 2020 21:50:00
{"type":8,"message":"Undefined index: activated","file":"\/opt\/bitnami\/apps\/wordpress\/htdocs\/wp-content\/themes\/enfold\/class.theme-modules.php","line":604}

May 11 2020 21:50:01
{"type":8,"message":"Undefined index: activated","file":"\/opt\/bitnami\/apps\/wordpress\/htdocs\/wp-content\/themes\/enfold\/class.theme-modules.php","line":604}

May 11 2020 21:50:02
{"type":8,"message":"Undefined index: activated","file":"\/opt\/bitnami\/apps\/wordpress\/htdocs\/wp-content\/themes\/enfold\/class.theme-modules.php","line":604}

May 11 2020 21:50:03
{"type":8,"message":"Undefined index: activated","file":"\/opt\/bitnami\/apps\/wordpress\/htdocs\/wp-content\/themes\/enfold\/class.theme-modules.php","line":604}

May 11 2020 21:50:04
{"type":8,"message":"Undefined index: activated","file":"\/opt\/bitnami\/apps\/wordpress\/htdocs\/wp-content\/themes\/enfold\/class.theme-modules.php","line":604}

May 11 2020 21:50:05
{"type":8,"message":"Undefined index: activated","file":"\/opt\/bitnami\/apps\/wordpress\/htdocs\/wp-content\/themes\/enfold\/class.theme-modules.php","line":604}

May 11 2020 21:50:07
{"type":8,"message":"Undefined index: activated","file":"\/opt\/bitnami\/apps\/wordpress\/htdocs\/wp-content\/themes\/enfold\/class.theme-modules.php","line":604}

May 11 2020 21:50:07
{"type":8,"message":"Undefined index: activated","file":"\/opt\/bitnami\/apps\/wordpress\/htdocs\/wp-content\/themes\/enfold\/class.theme-modules.php","line":604}

May 11 2020 21:50:08
{"type":8,"message":"Undefined index: activated","file":"\/opt\/bitnami\/apps\/wordpress\/htdocs\/wp-content\/themes\/enfold\/class.theme-modules.php","line":604}

May 11 2020 21:50:09
{"type":8,"message":"Undefined index: activated","file":"\/opt\/bitnami\/apps\/wordpress\/htdocs\/wp-content\/themes\/enfold\/class.theme-modules.php","line":604}

May 11 2020 21:50:10
{"type":8,"message":"Undefined index: activated","file":"\/opt\/bitnami\/apps\/wordpress\/htdocs\/wp-content\/themes\/enfold\/class.theme-modules.php","line":604}

May 11 2020 21:50:11
{"type":8,"message":"Undefined index: activated","file":"\/opt\/bitnami\/apps\/wordpress\/htdocs\/wp-content\/themes\/enfold\/class.theme-modules.php","line":604}

May 11 2020 21:50:12
{"type":8,"message":"Undefined index: activated","file":"\/opt\/bitnami\/apps\/wordpress\/htdocs\/wp-content\/themes\/enfold\/class.theme-modules.php","line":604}

May 11 2020 21:50:13
{"type":8,"message":"Undefined index: activated","file":"\/opt\/bitnami\/apps\/wordpress\/htdocs\/wp-content\/themes\/enfold\/class.theme-modules.php","line":604}

May 11 2020 21:50:15
{"type":8,"message":"Undefined index: activated","file":"\/opt\/bitnami\/apps\/wordpress\/htdocs\/wp-content\/themes\/enfold\/class.theme-modules.php","line":604}

May 11 2020 21:50:16
{"type":8,"message":"Undefined index: activated","file":"\/opt\/bitnami\/apps\/wordpress\/htdocs\/wp-content\/themes\/enfold\/class.theme-modules.php","line":604}

May 11 2020 21:50:17
{"type":8,"message":"Undefined index: activated","file":"\/opt\/bitnami\/apps\/wordpress\/htdocs\/wp-content\/themes\/enfold\/class.theme-modules.php","line":604}

May 11 2020 21:50:18
{"type":8,"message":"Undefined index: activated","file":"\/opt\/bitnami\/apps\/wordpress\/htdocs\/wp-content\/themes\/enfold\/class.theme-modules.php","line":604}

May 11 2020 21:50:19
{"type":8,"message":"Undefined index: activated","file":"\/opt\/bitnami\/apps\/wordpress\/htdocs\/wp-content\/themes\/enfold\/class.theme-modules.php","line":604}

May 11 2020 21:50:20
{"type":8,"message":"Undefined index: activated","file":"\/opt\/bitnami\/apps\/wordpress\/htdocs\/wp-content\/themes\/enfold\/class.theme-modules.php","line":604}

May 11 2020 21:50:21
{"type":8,"message":"Undefined index: activated","file":"\/opt\/bitnami\/apps\/wordpress\/htdocs\/wp-content\/themes\/enfold\/class.theme-modules.php","line":604}

May 11 2020 21:50:22
{"type":8,"message":"Undefined index: activated","file":"\/opt\/bitnami\/apps\/wordpress\/htdocs\/wp-content\/themes\/enfold\/class.theme-modules.php","line":604}

May 11 2020 21:50:23
{"type":8,"message":"Undefined index: activated","file":"\/opt\/bitnami\/apps\/wordpress\/htdocs\/wp-content\/themes\/enfold\/class.theme-modules.php","line":604}

May 11 2020 21:50:24
{"type":8,"message":"Undefined index: activated","file":"\/opt\/bitnami\/apps\/wordpress\/htdocs\/wp-content\/themes\/enfold\/class.theme-modules.php","line":604}

May 11 2020 21:50:25
{"type":8,"message":"Undefined index: activated","file":"\/opt\/bitnami\/apps\/wordpress\/htdocs\/wp-content\/themes\/enfold\/class.theme-modules.php","line":604}

May 11 2020 21:50:26
{"type":8,"message":"Undefined index: activated","file":"\/opt\/bitnami\/apps\/wordpress\/htdocs\/wp-content\/themes\/enfold\/class.theme-modules.php","line":604}

May 11 2020 21:50:27
{"type":8,"message":"Undefined index: activated","file":"\/opt\/bitnami\/apps\/wordpress\/htdocs\/wp-content\/themes\/enfold\/class.theme-modules.php","line":604}

May 11 2020 21:50:27
{"type":8,"message":"Undefined index: activated","file":"\/opt\/bitnami\/apps\/wordpress\/htdocs\/wp-content\/themes\/enfold\/class.theme-modules.php","line":604}

May 11 2020 21:50:28
{"type":8,"message":"Undefined index: activated","file":"\/opt\/bitnami\/apps\/wordpress\/htdocs\/wp-content\/themes\/enfold\/class.theme-modules.php","line":604}

May 11 2020 21:50:29
{"type":8,"message":"Undefined index: activated","file":"\/opt\/bitnami\/apps\/wordpress\/htdocs\/wp-content\/themes\/enfold\/class.theme-modules.php","line":604}

May 11 2020 21:50:30
{"type":8,"message":"Undefined index: activated","file":"\/opt\/bitnami\/apps\/wordpress\/htdocs\/wp-content\/themes\/enfold\/class.theme-modules.php","line":604}

May 11 2020 21:50:31
{"type":8,"message":"Undefined index: activated","file":"\/opt\/bitnami\/apps\/wordpress\/htdocs\/wp-content\/themes\/enfold\/class.theme-modules.php","line":604}

May 11 2020 21:50:31
{"type":8,"message":"Undefined index: activated","file":"\/opt\/bitnami\/apps\/wordpress\/htdocs\/wp-content\/themes\/enfold\/class.theme-modules.php","line":604}

May 11 2020 21:50:32
{"type":8,"message":"Undefined index: activated","file":"\/opt\/bitnami\/apps\/wordpress\/htdocs\/wp-content\/themes\/enfold\/class.theme-modules.php","line":604}

May 11 2020 21:50:33
{"type":8,"message":"Undefined index: activated","file":"\/opt\/bitnami\/apps\/wordpress\/htdocs\/wp-content\/themes\/enfold\/class.theme-modules.php","line":604}

May 11 2020 21:50:34
{"type":8,"message":"Undefined index: activated","file":"\/opt\/bitnami\/apps\/wordpress\/htdocs\/wp-content\/themes\/enfold\/class.theme-modules.php","line":604}

May 11 2020 21:50:35
{"type":8,"message":"Undefined index: activated","file":"\/opt\/bitnami\/apps\/wordpress\/htdocs\/wp-content\/themes\/enfold\/class.theme-modules.php","line":604}

May 11 2020 21:50:36
{"type":8,"message":"Undefined index: activated","file":"\/opt\/bitnami\/apps\/wordpress\/htdocs\/wp-content\/themes\/enfold\/class.theme-modules.php","line":604}

May 11 2020 21:50:37
{"type":8,"message":"Undefined index: activated","file":"\/opt\/bitnami\/apps\/wordpress\/htdocs\/wp-content\/themes\/enfold\/class.theme-modules.php","line":604}

May 11 2020 21:50:38
{"type":8,"message":"Undefined index: activated","file":"\/opt\/bitnami\/apps\/wordpress\/htdocs\/wp-content\/themes\/enfold\/class.theme-modules.php","line":604}

May 11 2020 21:50:40
{"type":8,"message":"Undefined index: activated","file":"\/opt\/bitnami\/apps\/wordpress\/htdocs\/wp-content\/themes\/enfold\/class.theme-modules.php","line":604}

May 11 2020 21:50:41
{"type":8,"message":"Undefined index: activated","file":"\/opt\/bitnami\/apps\/wordpress\/htdocs\/wp-content\/themes\/enfold\/class.theme-modules.php","line":604}

May 11 2020 21:50:42
{"type":8,"message":"Undefined index: activated","file":"\/opt\/bitnami\/apps\/wordpress\/htdocs\/wp-content\/themes\/enfold\/class.theme-modules.php","line":604}

May 11 2020 21:50:42
{"type":8,"message":"Undefined index: activated","file":"\/opt\/bitnami\/apps\/wordpress\/htdocs\/wp-content\/themes\/enfold\/class.theme-modules.php","line":604}

May 11 2020 21:50:44
{"type":8,"message":"Undefined index: activated","file":"\/opt\/bitnami\/apps\/wordpress\/htdocs\/wp-content\/themes\/enfold\/class.theme-modules.php","line":604}

May 11 2020 21:50:45
{"type":8,"message":"Undefined index: activated","file":"\/opt\/bitnami\/apps\/wordpress\/htdocs\/wp-content\/themes\/enfold\/class.theme-modules.php","line":604}

May 11 2020 21:50:46
{"type":8,"message":"Undefined index: activated","file":"\/opt\/bitnami\/apps\/wordpress\/htdocs\/wp-content\/themes\/enfold\/class.theme-modules.php","line":604}

May 11 2020 21:50:47
{"type":8,"message":"Undefined index: activated","file":"\/opt\/bitnami\/apps\/wordpress\/htdocs\/wp-content\/themes\/enfold\/class.theme-modules.php","line":604}

May 11 2020 21:50:48
{"type":8,"message":"Undefined index: activated","file":"\/opt\/bitnami\/apps\/wordpress\/htdocs\/wp-content\/themes\/enfold\/class.theme-modules.php","line":604}

May 11 2020 21:50:49
{"type":8,"message":"Undefined index: activated","file":"\/opt\/bitnami\/apps\/wordpress\/htdocs\/wp-content\/themes\/enfold\/class.theme-modules.php","line":604}

May 11 2020 21:50:50
{"type":8,"message":"Undefined index: activated","file":"\/opt\/bitnami\/apps\/wordpress\/htdocs\/wp-content\/themes\/enfold\/class.theme-modules.php","line":604}

May 11 2020 21:50:51
{"type":8,"message":"Undefined index: activated","file":"\/opt\/bitnami\/apps\/wordpress\/htdocs\/wp-content\/themes\/enfold\/class.theme-modules.php","line":604}

May 11 2020 21:50:52
{"type":8,"message":"Undefined index: activated","file":"\/opt\/bitnami\/apps\/wordpress\/htdocs\/wp-content\/themes\/enfold\/class.theme-modules.php","line":604}

May 11 2020 21:50:53
{"type":8,"message":"Undefined index: activated","file":"\/opt\/bitnami\/apps\/wordpress\/htdocs\/wp-content\/themes\/enfold\/class.theme-modules.php","line":604}

May 11 2020 21:50:55
{"type":8,"message":"Undefined index: activated","file":"\/opt\/bitnami\/apps\/wordpress\/htdocs\/wp-content\/themes\/enfold\/class.theme-modules.php","line":604}

May 11 2020 21:50:56
{"type":8,"message":"Undefined index: activated","file":"\/opt\/bitnami\/apps\/wordpress\/htdocs\/wp-content\/themes\/enfold\/class.theme-modules.php","line":604}

May 11 2020 21:50:57
{"type":8,"message":"Undefined index: activated","file":"\/opt\/bitnami\/apps\/wordpress\/htdocs\/wp-content\/themes\/enfold\/class.theme-modules.php","line":604}

May 11 2020 21:50:58
{"type":8,"message":"Undefined index: activated","file":"\/opt\/bitnami\/apps\/wordpress\/htdocs\/wp-content\/themes\/enfold\/class.theme-modules.php","line":604}

May 11 2020 21:50:59
{"type":8,"message":"Undefined index: activated","file":"\/opt\/bitnami\/apps\/wordpress\/htdocs\/wp-content\/themes\/enfold\/class.theme-modules.php","line":604}

May 11 2020 21:51:00
{"type":8,"message":"Undefined index: activated","file":"\/opt\/bitnami\/apps\/wordpress\/htdocs\/wp-content\/themes\/enfold\/class.theme-modules.php","line":604}

May 11 2020 21:51:01
{"type":8,"message":"Undefined index: activated","file":"\/opt\/bitnami\/apps\/wordpress\/htdocs\/wp-content\/themes\/enfold\/class.theme-modules.php","line":604}

May 11 2020 21:51:03
{"type":8,"message":"Undefined index: activated","file":"\/opt\/bitnami\/apps\/wordpress\/htdocs\/wp-content\/themes\/enfold\/class.theme-modules.php","line":604}

May 11 2020 21:51:04
{"type":8,"message":"Undefined index: activated","file":"\/opt\/bitnami\/apps\/wordpress\/htdocs\/wp-content\/themes\/enfold\/class.theme-modules.php","line":604}

May 11 2020 21:51:05
{"type":8,"message":"Undefined index: activated","file":"\/opt\/bitnami\/apps\/wordpress\/htdocs\/wp-content\/themes\/enfold\/class.theme-modules.php","line":604}

May 11 2020 21:51:07
{"type":8,"message":"Undefined index: activated","file":"\/opt\/bitnami\/apps\/wordpress\/htdocs\/wp-content\/themes\/enfold\/class.theme-modules.php","line":604}

May 11 2020 21:51:08
{"type":8,"message":"Undefined index: activated","file":"\/opt\/bitnami\/apps\/wordpress\/htdocs\/wp-content\/themes\/enfold\/class.theme-modules.php","line":604}

May 11 2020 21:51:10
{"type":8,"message":"Undefined index: activated","file":"\/opt\/bitnami\/apps\/wordpress\/htdocs\/wp-content\/themes\/enfold\/class.theme-modules.php","line":604}

May 11 2020 21:51:13
{"type":8,"message":"Undefined index: activated","file":"\/opt\/bitnami\/apps\/wordpress\/htdocs\/wp-content\/themes\/enfold\/class.theme-modules.php","line":604}

May 11 2020 21:51:14
{"type":8,"message":"Undefined index: activated","file":"\/opt\/bitnami\/apps\/wordpress\/htdocs\/wp-content\/themes\/enfold\/class.theme-modules.php","line":604}

May 11 2020 21:51:14
{"type":8,"message":"Undefined index: activated","file":"\/opt\/bitnami\/apps\/wordpress\/htdocs\/wp-content\/themes\/enfold\/class.theme-modules.php","line":604}

May 11 2020 21:51:18
{"type":8,"message":"Undefined index: activated","file":"\/opt\/bitnami\/apps\/wordpress\/htdocs\/wp-content\/themes\/enfold\/class.theme-modules.php","line":604}

May 11 2020 21:51:32
{"type":8,"message":"Undefined index: activated","file":"\/opt\/bitnami\/apps\/wordpress\/htdocs\/wp-content\/themes\/enfold\/class.theme-modules.php","line":604}

May 11 2020 21:51:32
{"type":8,"message":"Undefined index: activated","file":"\/opt\/bitnami\/apps\/wordpress\/htdocs\/wp-content\/themes\/enfold\/class.theme-modules.php","line":604}

May 11 2020 21:51:33
{"type":8,"message":"Undefined index: activated","file":"\/opt\/bitnami\/apps\/wordpress\/htdocs\/wp-content\/themes\/enfold\/class.theme-modules.php","line":604}

May 11 2020 21:51:34
{"Number":2,"Message":"touch(): Utime failed: Operation not permitted","File":"\/opt\/bitnami\/apps\/wordpress\/htdocs\/wp-content\/plugins\/all-in-one-wp-migration\/lib\/vendor\/servmask\/archiver\/class-ai1wm-extractor.php","Line":500}

May 11 2020 21:51:34
{"Number":2,"Message":"chmod(): Operation not permitted","File":"\/opt\/bitnami\/apps\/wordpress\/htdocs\/wp-content\/plugins\/all-in-one-wp-migration\/lib\/vendor\/servmask\/archiver\/class-ai1wm-extractor.php","Line":503}

May 11 2020 21:51:34
{"Number":2,"Message":"touch(): Utime failed: Operation not permitted","File":"\/opt\/bitnami\/apps\/wordpress\/htdocs\/wp-content\/plugins\/all-in-one-wp-migration\/lib\/vendor\/servmask\/archiver\/class-ai1wm-extractor.php","Line":500}

May 11 2020 21:51:34
{"Number":2,"Message":"chmod(): Operation not permitted","File":"\/opt\/bitnami\/apps\/wordpress\/htdocs\/wp-content\/plugins\/all-in-one-wp-migration\/lib\/vendor\/servmask\/archiver\/class-ai1wm-extractor.php","Line":503}

May 11 2020 21:51:36
{"Number":2,"Message":"touch(): Utime failed: Operation not permitted","File":"\/opt\/bitnami\/apps\/wordpress\/htdocs\/wp-content\/plugins\/all-in-one-wp-migration\/lib\/vendor\/servmask\/archiver\/class-ai1wm-extractor.php","Line":500}

May 11 2020 21:51:36
{"Number":2,"Message":"chmod(): Operation not permitted","File":"\/opt\/bitnami\/apps\/wordpress\/htdocs\/wp-content\/plugins\/all-in-one-wp-migration\/lib\/vendor\/servmask\/archiver\/class-ai1wm-extractor.php","Line":503}

May 11 2020 21:51:38
{"type":8,"message":"Undefined index: activated","file":"\/opt\/bitnami\/apps\/wordpress\/htdocs\/wp-content\/themes\/enfold\/class.theme-modules.php","line":604}

May 11 2020 21:51:38
{"type":8,"message":"Undefined index: activated","file":"\/opt\/bitnami\/apps\/wordpress\/htdocs\/wp-content\/themes\/enfold\/class.theme-modules.php","line":604}

May 11 2020 21:51:40
{"type":8,"message":"Undefined index: activated","file":"\/opt\/bitnami\/apps\/wordpress\/htdocs\/wp-content\/themes\/enfold\/class.theme-modules.php","line":604}

May 11 2020 21:51:42
{"type":8,"message":"Undefined index: activated","file":"\/opt\/bitnami\/apps\/wordpress\/htdocs\/wp-content\/themes\/enfold\/class.theme-modules.php","line":604}

May 11 2020 21:51:52
{"type":8,"message":"Undefined index: activated","file":"\/opt\/bitnami\/apps\/wordpress\/htdocs\/wp-content\/themes\/enfold\/class.theme-modules.php","line":604}

May 11 2020 21:52:09
{"type":8,"message":"Undefined index: activated","file":"\/opt\/bitnami\/apps\/wordpress\/htdocs\/wp-content\/themes\/enfold\/class.theme-modules.php","line":604}

May 11 2020 21:52:11
{"type":8,"message":"Undefined index: activated","file":"\/opt\/bitnami\/apps\/wordpress\/htdocs\/wp-content\/themes\/enfold\/class.theme-modules.php","line":604}

May 11 2020 22:12:53
{"type":8,"message":"Undefined index: activated","file":"\/opt\/bitnami\/apps\/wordpress\/htdocs\/wp-content\/themes\/enfold\/class.theme-modules.php","line":604}

May 11 2020 22:12:54
{"type":8,"message":"Undefined index: activated","file":"\/opt\/bitnami\/apps\/wordpress\/htdocs\/wp-content\/themes\/enfold\/class.theme-modules.php","line":604}

May 11 2020 22:12:54
{"type":8,"message":"Undefined index: activated","file":"\/opt\/bitnami\/apps\/wordpress\/htdocs\/wp-content\/themes\/enfold\/class.theme-modules.php","line":604}

May 11 2020 22:12:56
{"type":8,"message":"Undefined index: activated","file":"\/opt\/bitnami\/apps\/wordpress\/htdocs\/wp-content\/themes\/enfold\/class.theme-modules.php","line":604}

May 11 2020 22:12:57
{"type":8,"message":"Undefined index: activated","file":"\/opt\/bitnami\/apps\/wordpress\/htdocs\/wp-content\/themes\/enfold\/class.theme-modules.php","line":604}

May 11 2020 22:12:58
{"type":8,"message":"Undefined index: activated","file":"\/opt\/bitnami\/apps\/wordpress\/htdocs\/wp-content\/themes\/enfold\/class.theme-modules.php","line":604}

May 11 2020 22:12:58
{"type":8,"message":"Undefined index: activated","file":"\/opt\/bitnami\/apps\/wordpress\/htdocs\/wp-content\/themes\/enfold\/class.theme-modules.php","line":604}

May 11 2020 22:12:59
{"type":8,"message":"Undefined index: activated","file":"\/opt\/bitnami\/apps\/wordpress\/htdocs\/wp-content\/themes\/enfold\/class.theme-modules.php","line":604}

May 11 2020 22:12:59
{"type":8,"message":"Undefined index: activated","file":"\/opt\/bitnami\/apps\/wordpress\/htdocs\/wp-content\/themes\/enfold\/class.theme-modules.php","line":604}

May 11 2020 22:13:24
{"type":8,"message":"Undefined index: activated","file":"\/opt\/bitnami\/apps\/wordpress\/htdocs\/wp-content\/themes\/enfold\/class.theme-modules.php","line":604}

May 11 2020 22:13:25
{"type":8,"message":"Undefined index: activated","file":"\/opt\/bitnami\/apps\/wordpress\/htdocs\/wp-content\/themes\/enfold\/class.theme-modules.php","line":604}

May 11 2020 22:13:26
{"type":8,"message":"Undefined index: activated","file":"\/opt\/bitnami\/apps\/wordpress\/htdocs\/wp-content\/themes\/enfold\/class.theme-modules.php","line":604}

May 11 2020 22:13:27
{"type":8,"message":"Undefined index: activated","file":"\/opt\/bitnami\/apps\/wordpress\/htdocs\/wp-content\/themes\/enfold\/class.theme-modules.php","line":604}

May 11 2020 22:13:28
{"type":8,"message":"Undefined index: activated","file":"\/opt\/bitnami\/apps\/wordpress\/htdocs\/wp-content\/themes\/enfold\/class.theme-modules.php","line":604}

May 11 2020 22:13:29
{"type":8,"message":"Undefined index: activated","file":"\/opt\/bitnami\/apps\/wordpress\/htdocs\/wp-content\/themes\/enfold\/class.theme-modules.php","line":604}

May 11 2020 22:13:30
{"type":8,"message":"Undefined index: activated","file":"\/opt\/bitnami\/apps\/wordpress\/htdocs\/wp-content\/themes\/enfold\/class.theme-modules.php","line":604}

May 11 2020 22:13:32
{"type":8,"message":"Undefined index: activated","file":"\/opt\/bitnami\/apps\/wordpress\/htdocs\/wp-content\/themes\/enfold\/class.theme-modules.php","line":604}

May 11 2020 22:13:33
{"type":8,"message":"Undefined index: activated","file":"\/opt\/bitnami\/apps\/wordpress\/htdocs\/wp-content\/themes\/enfold\/class.theme-modules.php","line":604}

May 11 2020 22:13:34
{"type":8,"message":"Undefined index: activated","file":"\/opt\/bitnami\/apps\/wordpress\/htdocs\/wp-content\/themes\/enfold\/class.theme-modules.php","line":604}

May 11 2020 22:14:36
{"type":8,"message":"Undefined index: activated","file":"\/opt\/bitnami\/apps\/wordpress\/htdocs\/wp-content\/themes\/enfold\/class.theme-modules.php","line":604}

May 11 2020 22:14:37
{"type":8,"message":"Undefined index: activated","file":"\/opt\/bitnami\/apps\/wordpress\/htdocs\/wp-content\/themes\/enfold\/class.theme-modules.php","line":604}

May 11 2020 22:14:37
{"type":8,"message":"Undefined index: activated","file":"\/opt\/bitnami\/apps\/wordpress\/htdocs\/wp-content\/themes\/enfold\/class.theme-modules.php","line":604}

May 11 2020 22:14:38
{"type":8,"message":"Undefined index: activated","file":"\/opt\/bitnami\/apps\/wordpress\/htdocs\/wp-content\/themes\/enfold\/class.theme-modules.php","line":604}

May 11 2020 22:14:39
{"type":8,"message":"Undefined index: activated","file":"\/opt\/bitnami\/apps\/wordpress\/htdocs\/wp-content\/themes\/enfold\/class.theme-modules.php","line":604}

May 11 2020 22:14:40
{"type":8,"message":"Undefined index: activated","file":"\/opt\/bitnami\/apps\/wordpress\/htdocs\/wp-content\/themes\/enfold\/class.theme-modules.php","line":604}

May 11 2020 22:14:40
{"type":8,"message":"Undefined index: activated","file":"\/opt\/bitnami\/apps\/wordpress\/htdocs\/wp-content\/themes\/enfold\/class.theme-modules.php","line":604}

May 11 2020 22:14:41
{"type":8,"message":"Undefined index: activated","file":"\/opt\/bitnami\/apps\/wordpress\/htdocs\/wp-content\/themes\/enfold\/class.theme-modules.php","line":604}

May 11 2020 22:14:42
{"type":8,"message":"Undefined index: activated","file":"\/opt\/bitnami\/apps\/wordpress\/htdocs\/wp-content\/themes\/enfold\/class.theme-modules.php","line":604}

May 11 2020 22:14:43
{"type":8,"message":"Undefined index: activated","file":"\/opt\/bitnami\/apps\/wordpress\/htdocs\/wp-content\/themes\/enfold\/class.theme-modules.php","line":604}

May 11 2020 22:14:44
{"type":8,"message":"Undefined index: activated","file":"\/opt\/bitnami\/apps\/wordpress\/htdocs\/wp-content\/themes\/enfold\/class.theme-modules.php","line":604}

May 11 2020 22:14:45
{"type":8,"message":"Undefined index: activated","file":"\/opt\/bitnami\/apps\/wordpress\/htdocs\/wp-content\/themes\/enfold\/class.theme-modules.php","line":604}

May 11 2020 22:14:47
{"type":8,"message":"Undefined index: activated","file":"\/opt\/bitnami\/apps\/wordpress\/htdocs\/wp-content\/themes\/enfold\/class.theme-modules.php","line":604}

May 11 2020 22:14:48
{"type":8,"message":"Undefined index: activated","file":"\/opt\/bitnami\/apps\/wordpress\/htdocs\/wp-content\/themes\/enfold\/class.theme-modules.php","line":604}

May 11 2020 22:14:50
{"type":8,"message":"Undefined index: activated","file":"\/opt\/bitnami\/apps\/wordpress\/htdocs\/wp-content\/themes\/enfold\/class.theme-modules.php","line":604}

May 11 2020 22:14:50
{"type":8,"message":"Undefined index: activated","file":"\/opt\/bitnami\/apps\/wordpress\/htdocs\/wp-content\/themes\/enfold\/class.theme-modules.php","line":604}

May 11 2020 22:14:51
{"type":8,"message":"Undefined index: activated","file":"\/opt\/bitnami\/apps\/wordpress\/htdocs\/wp-content\/themes\/enfold\/class.theme-modules.php","line":604}

May 11 2020 22:14:52
{"type":8,"message":"Undefined index: activated","file":"\/opt\/bitnami\/apps\/wordpress\/htdocs\/wp-content\/themes\/enfold\/class.theme-modules.php","line":604}

May 11 2020 22:14:53
{"type":8,"message":"Undefined index: activated","file":"\/opt\/bitnami\/apps\/wordpress\/htdocs\/wp-content\/themes\/enfold\/class.theme-modules.php","line":604}

May 11 2020 22:14:53
{"type":8,"message":"Undefined index: activated","file":"\/opt\/bitnami\/apps\/wordpress\/htdocs\/wp-content\/themes\/enfold\/class.theme-modules.php","line":604}

May 11 2020 22:14:55
{"type":8,"message":"Undefined index: activated","file":"\/opt\/bitnami\/apps\/wordpress\/htdocs\/wp-content\/themes\/enfold\/class.theme-modules.php","line":604}

May 11 2020 22:14:57
{"type":8,"message":"Undefined index: activated","file":"\/opt\/bitnami\/apps\/wordpress\/htdocs\/wp-content\/themes\/enfold\/class.theme-modules.php","line":604}

May 11 2020 22:14:58
{"type":8,"message":"Undefined index: activated","file":"\/opt\/bitnami\/apps\/wordpress\/htdocs\/wp-content\/themes\/enfold\/class.theme-modules.php","line":604}

May 11 2020 22:15:00
{"type":8,"message":"Undefined index: activated","file":"\/opt\/bitnami\/apps\/wordpress\/htdocs\/wp-content\/themes\/enfold\/class.theme-modules.php","line":604}

May 11 2020 22:15:02
{"type":8,"message":"Undefined index: activated","file":"\/opt\/bitnami\/apps\/wordpress\/htdocs\/wp-content\/themes\/enfold\/class.theme-modules.php","line":604}

May 11 2020 22:15:03
{"type":8,"message":"Undefined index: activated","file":"\/opt\/bitnami\/apps\/wordpress\/htdocs\/wp-content\/themes\/enfold\/class.theme-modules.php","line":604}

May 11 2020 22:15:06
{"type":8,"message":"Undefined index: activated","file":"\/opt\/bitnami\/apps\/wordpress\/htdocs\/wp-content\/themes\/enfold\/class.theme-modules.php","line":604}

May 11 2020 22:15:07
{"type":8,"message":"Undefined index: activated","file":"\/opt\/bitnami\/apps\/wordpress\/htdocs\/wp-content\/themes\/enfold\/class.theme-modules.php","line":604}

May 11 2020 22:15:08
{"type":8,"message":"Undefined index: activated","file":"\/opt\/bitnami\/apps\/wordpress\/htdocs\/wp-content\/themes\/enfold\/class.theme-modules.php","line":604}

May 11 2020 22:15:09
{"type":8,"message":"Undefined index: activated","file":"\/opt\/bitnami\/apps\/wordpress\/htdocs\/wp-content\/themes\/enfold\/class.theme-modules.php","line":604}

May 11 2020 22:15:10
{"type":8,"message":"Undefined index: activated","file":"\/opt\/bitnami\/apps\/wordpress\/htdocs\/wp-content\/themes\/enfold\/class.theme-modules.php","line":604}

May 11 2020 22:15:11
{"type":8,"message":"Undefined index: activated","file":"\/opt\/bitnami\/apps\/wordpress\/htdocs\/wp-content\/themes\/enfold\/class.theme-modules.php","line":604}

May 11 2020 22:15:12
{"type":8,"message":"Undefined index: activated","file":"\/opt\/bitnami\/apps\/wordpress\/htdocs\/wp-content\/themes\/enfold\/class.theme-modules.php","line":604}

May 11 2020 22:15:13
{"type":8,"message":"Undefined index: activated","file":"\/opt\/bitnami\/apps\/wordpress\/htdocs\/wp-content\/themes\/enfold\/class.theme-modules.php","line":604}

May 11 2020 22:15:15
{"type":8,"message":"Undefined index: activated","file":"\/opt\/bitnami\/apps\/wordpress\/htdocs\/wp-content\/themes\/enfold\/class.theme-modules.php","line":604}

May 11 2020 22:15:16
{"type":8,"message":"Undefined index: activated","file":"\/opt\/bitnami\/apps\/wordpress\/htdocs\/wp-content\/themes\/enfold\/class.theme-modules.php","line":604}

May 11 2020 22:15:17
{"type":8,"message":"Undefined index: activated","file":"\/opt\/bitnami\/apps\/wordpress\/htdocs\/wp-content\/themes\/enfold\/class.theme-modules.php","line":604}

May 11 2020 22:15:18
{"type":8,"message":"Undefined index: activated","file":"\/opt\/bitnami\/apps\/wordpress\/htdocs\/wp-content\/themes\/enfold\/class.theme-modules.php","line":604}

May 11 2020 22:15:19
{"type":8,"message":"Undefined index: activated","file":"\/opt\/bitnami\/apps\/wordpress\/htdocs\/wp-content\/themes\/enfold\/class.theme-modules.php","line":604}

May 11 2020 22:15:21
{"type":8,"message":"Undefined index: activated","file":"\/opt\/bitnami\/apps\/wordpress\/htdocs\/wp-content\/themes\/enfold\/class.theme-modules.php","line":604}

May 11 2020 22:15:22
{"type":8,"message":"Undefined index: activated","file":"\/opt\/bitnami\/apps\/wordpress\/htdocs\/wp-content\/themes\/enfold\/class.theme-modules.php","line":604}

May 11 2020 22:15:23
{"type":8,"message":"Undefined index: activated","file":"\/opt\/bitnami\/apps\/wordpress\/htdocs\/wp-content\/themes\/enfold\/class.theme-modules.php","line":604}

May 11 2020 22:15:24
{"type":8,"message":"Undefined index: activated","file":"\/opt\/bitnami\/apps\/wordpress\/htdocs\/wp-content\/themes\/enfold\/class.theme-modules.php","line":604}

May 11 2020 22:15:25
{"type":8,"message":"Undefined index: activated","file":"\/opt\/bitnami\/apps\/wordpress\/htdocs\/wp-content\/themes\/enfold\/class.theme-modules.php","line":604}

May 11 2020 22:15:26
{"type":8,"message":"Undefined index: activated","file":"\/opt\/bitnami\/apps\/wordpress\/htdocs\/wp-content\/themes\/enfold\/class.theme-modules.php","line":604}

May 11 2020 22:15:27
{"type":8,"message":"Undefined index: activated","file":"\/opt\/bitnami\/apps\/wordpress\/htdocs\/wp-content\/themes\/enfold\/class.theme-modules.php","line":604}

May 11 2020 22:15:28
{"type":8,"message":"Undefined index: activated","file":"\/opt\/bitnami\/apps\/wordpress\/htdocs\/wp-content\/themes\/enfold\/class.theme-modules.php","line":604}

May 11 2020 22:15:29
{"type":8,"message":"Undefined index: activated","file":"\/opt\/bitnami\/apps\/wordpress\/htdocs\/wp-content\/themes\/enfold\/class.theme-modules.php","line":604}

May 11 2020 22:15:29
{"type":8,"message":"Undefined index: activated","file":"\/opt\/bitnami\/apps\/wordpress\/htdocs\/wp-content\/themes\/enfold\/class.theme-modules.php","line":604}

May 11 2020 22:15:30
{"type":8,"message":"Undefined index: activated","file":"\/opt\/bitnami\/apps\/wordpress\/htdocs\/wp-content\/themes\/enfold\/class.theme-modules.php","line":604}

May 11 2020 22:15:31
{"type":8,"message":"Undefined index: activated","file":"\/opt\/bitnami\/apps\/wordpress\/htdocs\/wp-content\/themes\/enfold\/class.theme-modules.php","line":604}

May 11 2020 22:15:32
{"type":8,"message":"Undefined index: activated","file":"\/opt\/bitnami\/apps\/wordpress\/htdocs\/wp-content\/themes\/enfold\/class.theme-modules.php","line":604}

May 11 2020 22:15:33
{"type":8,"message":"Undefined index: activated","file":"\/opt\/bitnami\/apps\/wordpress\/htdocs\/wp-content\/themes\/enfold\/class.theme-modules.php","line":604}

May 11 2020 22:15:33
{"type":8,"message":"Undefined index: activated","file":"\/opt\/bitnami\/apps\/wordpress\/htdocs\/wp-content\/themes\/enfold\/class.theme-modules.php","line":604}

May 11 2020 22:15:35
{"type":8,"message":"Undefined index: activated","file":"\/opt\/bitnami\/apps\/wordpress\/htdocs\/wp-content\/themes\/enfold\/class.theme-modules.php","line":604}

May 11 2020 22:15:35
{"type":8,"message":"Undefined index: activated","file":"\/opt\/bitnami\/apps\/wordpress\/htdocs\/wp-content\/themes\/enfold\/class.theme-modules.php","line":604}

May 11 2020 22:15:37
{"type":8,"message":"Undefined index: activated","file":"\/opt\/bitnami\/apps\/wordpress\/htdocs\/wp-content\/themes\/enfold\/class.theme-modules.php","line":604}

May 11 2020 22:15:38
{"type":8,"message":"Undefined index: activated","file":"\/opt\/bitnami\/apps\/wordpress\/htdocs\/wp-content\/themes\/enfold\/class.theme-modules.php","line":604}

May 11 2020 22:15:39
{"type":8,"message":"Undefined index: activated","file":"\/opt\/bitnami\/apps\/wordpress\/htdocs\/wp-content\/themes\/enfold\/class.theme-modules.php","line":604}

May 11 2020 22:15:40
{"type":8,"message":"Undefined index: activated","file":"\/opt\/bitnami\/apps\/wordpress\/htdocs\/wp-content\/themes\/enfold\/class.theme-modules.php","line":604}

May 11 2020 22:15:42
{"type":8,"message":"Undefined index: activated","file":"\/opt\/bitnami\/apps\/wordpress\/htdocs\/wp-content\/themes\/enfold\/class.theme-modules.php","line":604}

May 11 2020 22:15:42
{"type":8,"message":"Undefined index: activated","file":"\/opt\/bitnami\/apps\/wordpress\/htdocs\/wp-content\/themes\/enfold\/class.theme-modules.php","line":604}

May 11 2020 22:15:43
{"type":8,"message":"Undefined index: activated","file":"\/opt\/bitnami\/apps\/wordpress\/htdocs\/wp-content\/themes\/enfold\/class.theme-modules.php","line":604}

May 11 2020 22:15:44
{"type":8,"message":"Undefined index: activated","file":"\/opt\/bitnami\/apps\/wordpress\/htdocs\/wp-content\/themes\/enfold\/class.theme-modules.php","line":604}

May 11 2020 22:15:46
{"type":8,"message":"Undefined index: activated","file":"\/opt\/bitnami\/apps\/wordpress\/htdocs\/wp-content\/themes\/enfold\/class.theme-modules.php","line":604}

May 11 2020 22:15:47
{"type":8,"message":"Undefined index: activated","file":"\/opt\/bitnami\/apps\/wordpress\/htdocs\/wp-content\/themes\/enfold\/class.theme-modules.php","line":604}

May 11 2020 22:15:48
{"type":8,"message":"Undefined index: activated","file":"\/opt\/bitnami\/apps\/wordpress\/htdocs\/wp-content\/themes\/enfold\/class.theme-modules.php","line":604}

May 11 2020 22:15:48
{"type":8,"message":"Undefined index: activated","file":"\/opt\/bitnami\/apps\/wordpress\/htdocs\/wp-content\/themes\/enfold\/class.theme-modules.php","line":604}

May 11 2020 22:15:50
{"type":8,"message":"Undefined index: activated","file":"\/opt\/bitnami\/apps\/wordpress\/htdocs\/wp-content\/themes\/enfold\/class.theme-modules.php","line":604}

May 11 2020 22:15:51
{"type":8,"message":"Undefined index: activated","file":"\/opt\/bitnami\/apps\/wordpress\/htdocs\/wp-content\/themes\/enfold\/class.theme-modules.php","line":604}

May 11 2020 22:15:52
{"type":8,"message":"Undefined index: activated","file":"\/opt\/bitnami\/apps\/wordpress\/htdocs\/wp-content\/themes\/enfold\/class.theme-modules.php","line":604}

May 11 2020 22:15:53
{"type":8,"message":"Undefined index: activated","file":"\/opt\/bitnami\/apps\/wordpress\/htdocs\/wp-content\/themes\/enfold\/class.theme-modules.php","line":604}

May 11 2020 22:15:54
{"type":8,"message":"Undefined index: activated","file":"\/opt\/bitnami\/apps\/wordpress\/htdocs\/wp-content\/themes\/enfold\/class.theme-modules.php","line":604}

May 11 2020 22:15:56
{"type":8,"message":"Undefined index: activated","file":"\/opt\/bitnami\/apps\/wordpress\/htdocs\/wp-content\/themes\/enfold\/class.theme-modules.php","line":604}

May 11 2020 22:15:57
{"type":8,"message":"Undefined index: activated","file":"\/opt\/bitnami\/apps\/wordpress\/htdocs\/wp-content\/themes\/enfold\/class.theme-modules.php","line":604}

May 11 2020 22:15:59
{"type":8,"message":"Undefined index: activated","file":"\/opt\/bitnami\/apps\/wordpress\/htdocs\/wp-content\/themes\/enfold\/class.theme-modules.php","line":604}

May 11 2020 22:16:00
{"type":8,"message":"Undefined index: activated","file":"\/opt\/bitnami\/apps\/wordpress\/htdocs\/wp-content\/themes\/enfold\/class.theme-modules.php","line":604}

May 11 2020 22:16:01
{"type":8,"message":"Undefined index: activated","file":"\/opt\/bitnami\/apps\/wordpress\/htdocs\/wp-content\/themes\/enfold\/class.theme-modules.php","line":604}

May 11 2020 22:16:03
{"type":8,"message":"Undefined index: activated","file":"\/opt\/bitnami\/apps\/wordpress\/htdocs\/wp-content\/themes\/enfold\/class.theme-modules.php","line":604}

May 11 2020 22:16:04
{"type":8,"message":"Undefined index: activated","file":"\/opt\/bitnami\/apps\/wordpress\/htdocs\/wp-content\/themes\/enfold\/class.theme-modules.php","line":604}

May 11 2020 22:16:05
{"type":8,"message":"Undefined index: activated","file":"\/opt\/bitnami\/apps\/wordpress\/htdocs\/wp-content\/themes\/enfold\/class.theme-modules.php","line":604}

May 11 2020 22:16:06
{"type":8,"message":"Undefined index: activated","file":"\/opt\/bitnami\/apps\/wordpress\/htdocs\/wp-content\/themes\/enfold\/class.theme-modules.php","line":604}

May 11 2020 22:16:07
{"type":8,"message":"Undefined index: activated","file":"\/opt\/bitnami\/apps\/wordpress\/htdocs\/wp-content\/themes\/enfold\/class.theme-modules.php","line":604}

May 11 2020 22:16:11
{"type":8,"message":"Undefined index: activated","file":"\/opt\/bitnami\/apps\/wordpress\/htdocs\/wp-content\/themes\/enfold\/class.theme-modules.php","line":604}

May 11 2020 22:16:12
{"type":8,"message":"Undefined index: activated","file":"\/opt\/bitnami\/apps\/wordpress\/htdocs\/wp-content\/themes\/enfold\/class.theme-modules.php","line":604}

May 11 2020 22:16:13
{"type":8,"message":"Undefined index: activated","file":"\/opt\/bitnami\/apps\/wordpress\/htdocs\/wp-content\/themes\/enfold\/class.theme-modules.php","line":604}

May 11 2020 22:16:14
{"type":8,"message":"Undefined index: activated","file":"\/opt\/bitnami\/apps\/wordpress\/htdocs\/wp-content\/themes\/enfold\/class.theme-modules.php","line":604}

May 11 2020 22:16:15
{"type":8,"message":"Undefined index: activated","file":"\/opt\/bitnami\/apps\/wordpress\/htdocs\/wp-content\/themes\/enfold\/class.theme-modules.php","line":604}

May 11 2020 22:16:16
{"type":8,"message":"Undefined index: activated","file":"\/opt\/bitnami\/apps\/wordpress\/htdocs\/wp-content\/themes\/enfold\/class.theme-modules.php","line":604}

May 11 2020 22:16:16
{"type":8,"message":"Undefined index: activated","file":"\/opt\/bitnami\/apps\/wordpress\/htdocs\/wp-content\/themes\/enfold\/class.theme-modules.php","line":604}

May 11 2020 22:16:17
{"type":8,"message":"Undefined index: activated","file":"\/opt\/bitnami\/apps\/wordpress\/htdocs\/wp-content\/themes\/enfold\/class.theme-modules.php","line":604}

May 11 2020 22:16:18
{"type":8,"message":"Undefined index: activated","file":"\/opt\/bitnami\/apps\/wordpress\/htdocs\/wp-content\/themes\/enfold\/class.theme-modules.php","line":604}

May 11 2020 22:16:21
{"type":8,"message":"Undefined index: activated","file":"\/opt\/bitnami\/apps\/wordpress\/htdocs\/wp-content\/themes\/enfold\/class.theme-modules.php","line":604}

May 11 2020 22:16:22
{"type":8,"message":"Undefined index: activated","file":"\/opt\/bitnami\/apps\/wordpress\/htdocs\/wp-content\/themes\/enfold\/class.theme-modules.php","line":604}

May 11 2020 22:16:23
{"type":8,"message":"Undefined index: activated","file":"\/opt\/bitnami\/apps\/wordpress\/htdocs\/wp-content\/themes\/enfold\/class.theme-modules.php","line":604}

May 11 2020 22:16:26
{"type":8,"message":"Undefined index: activated","file":"\/opt\/bitnami\/apps\/wordpress\/htdocs\/wp-content\/themes\/enfold\/class.theme-modules.php","line":604}

May 11 2020 22:16:29
{"type":8,"message":"Undefined index: activated","file":"\/opt\/bitnami\/apps\/wordpress\/htdocs\/wp-content\/themes\/enfold\/class.theme-modules.php","line":604}

May 11 2020 22:16:31
{"type":8,"message":"Undefined index: activated","file":"\/opt\/bitnami\/apps\/wordpress\/htdocs\/wp-content\/themes\/enfold\/class.theme-modules.php","line":604}

May 11 2020 22:16:31
{"type":8,"message":"Undefined index: activated","file":"\/opt\/bitnami\/apps\/wordpress\/htdocs\/wp-content\/themes\/enfold\/class.theme-modules.php","line":604}

May 11 2020 22:16:32
{"Number":2,"Message":"touch(): Utime failed: Operation not permitted","File":"\/opt\/bitnami\/apps\/wordpress\/htdocs\/wp-content\/plugins\/all-in-one-wp-migration\/lib\/vendor\/servmask\/archiver\/class-ai1wm-extractor.php","Line":500}

May 11 2020 22:16:32
{"Number":2,"Message":"chmod(): Operation not permitted","File":"\/opt\/bitnami\/apps\/wordpress\/htdocs\/wp-content\/plugins\/all-in-one-wp-migration\/lib\/vendor\/servmask\/archiver\/class-ai1wm-extractor.php","Line":503}

May 11 2020 22:16:32
{"Number":2,"Message":"touch(): Utime failed: Operation not permitted","File":"\/opt\/bitnami\/apps\/wordpress\/htdocs\/wp-content\/plugins\/all-in-one-wp-migration\/lib\/vendor\/servmask\/archiver\/class-ai1wm-extractor.php","Line":500}

May 11 2020 22:16:32
{"Number":2,"Message":"chmod(): Operation not permitted","File":"\/opt\/bitnami\/apps\/wordpress\/htdocs\/wp-content\/plugins\/all-in-one-wp-migration\/lib\/vendor\/servmask\/archiver\/class-ai1wm-extractor.php","Line":503}

May 11 2020 22:16:34
{"Number":2,"Message":"touch(): Utime failed: Operation not permitted","File":"\/opt\/bitnami\/apps\/wordpress\/htdocs\/wp-content\/plugins\/all-in-one-wp-migration\/lib\/vendor\/servmask\/archiver\/class-ai1wm-extractor.php","Line":500}

May 11 2020 22:16:34
{"Number":2,"Message":"chmod(): Operation not permitted","File":"\/opt\/bitnami\/apps\/wordpress\/htdocs\/wp-content\/plugins\/all-in-one-wp-migration\/lib\/vendor\/servmask\/archiver\/class-ai1wm-extractor.php","Line":503}

May 11 2020 22:16:35
{"type":8,"message":"Undefined index: activated","file":"\/opt\/bitnami\/apps\/wordpress\/htdocs\/wp-content\/themes\/enfold\/class.theme-modules.php","line":604}

May 11 2020 22:16:35
{"type":8,"message":"Undefined index: activated","file":"\/opt\/bitnami\/apps\/wordpress\/htdocs\/wp-content\/themes\/enfold\/class.theme-modules.php","line":604}

May 11 2020 22:16:37
{"type":8,"message":"Undefined index: activated","file":"\/opt\/bitnami\/apps\/wordpress\/htdocs\/wp-content\/themes\/enfold\/class.theme-modules.php","line":604}

May 11 2020 22:16:39
{"type":8,"message":"Undefined index: activated","file":"\/opt\/bitnami\/apps\/wordpress\/htdocs\/wp-content\/themes\/enfold\/class.theme-modules.php","line":604}

May 11 2020 22:16:49
{"type":8,"message":"Undefined index: activated","file":"\/opt\/bitnami\/apps\/wordpress\/htdocs\/wp-content\/themes\/enfold\/class.theme-modules.php","line":604}

May 11 2020 22:17:04
{"type":8,"message":"Undefined index: activated","file":"\/opt\/bitnami\/apps\/wordpress\/htdocs\/wp-content\/themes\/enfold\/class.theme-modules.php","line":604}

May 11 2020 22:17:07
{"type":8,"message":"Undefined index: activated","file":"\/opt\/bitnami\/apps\/wordpress\/htdocs\/wp-content\/themes\/enfold\/class.theme-modules.php","line":604}

